		domain | solvethis
non-sensitive
high: oct | 1
first: oct | 0
array: oct | 0
list: oct | 2
negative: oct | 0
high: polka_st | 0
first: polka_st | 0
array: polka_st | 0
list: polka_st | 0
negative: polka_st | 0
high: polka_ls | 0
first: polka_ls | 0
array: polka_ls | 0
list: polka_ls | 0
negative: polka_ls | 0
1-sensitive
high: oct | 0
first: oct | 0
array: oct | 0
list: oct | 0
negative: oct | 0
high: polka_st | 0
first: polka_st | 0
array: polka_st | 0
list: polka_st | 0
negative: polka_st | 0
high: polka_ls | 0
first: polka_ls | 0
array: polka_ls | 0
list: polka_ls | 0
negative: polka_ls | 0
-----nonsensitive-----
oct (44):	 ['first/sum3', 'first/mc91_98', 'first/pldi082_unbounded1', 'first/seq-len', 'first/sum4', 'first/enc-zip', 'first/inductive6-3', 'first/enc-zip4', 'first/mc91_99', 'first/hanoi', 'first/mult_twice', 'first/mc91', 'first/file', 'first/enc-zip_map2', 'first/mult', 'first/sum6', 'first/odd_even', 'first/half', 'first/mc91_95', 'first/enc-zipmap', 'first/lock', 'high/max', 'high/flip_twice_2', 'high/a-max', 'high/neg1', 'high/enc-zip_unzip', 'high/mc91_cps', 'termination/CE-1CFA03', 'termination/CE-1CFA09', 'termination/up_down05', 'termination/CE-1CFA04', 'termination/CE-0CFA03', 'termination/CE-1CFA07', 'termination/McCarthy9103', 'termination/up_down02', 'array/a-mapi', 'array/a-append', 'array/a-init2', 'array/a-init1', 'array/a-map', 'list/simple', 'list/fold_right', 'list/list', 'list/sieve']
polka_st (44):	 ['first/sum3', 'first/mc91_98', 'first/pldi082_unbounded1', 'first/seq-len', 'first/sum4', 'first/enc-zip', 'first/inductive6-3', 'first/enc-zip4', 'first/mc91_99', 'first/hanoi', 'first/mult_twice', 'first/mc91', 'first/file', 'first/enc-zip_map2', 'first/mult', 'first/sum6', 'first/odd_even', 'first/half', 'first/mc91_95', 'first/enc-zipmap', 'first/lock', 'high/max', 'high/flip_twice_2', 'high/a-max', 'high/neg1', 'high/enc-zip_unzip', 'high/mc91_cps', 'termination/CE-1CFA03', 'termination/CE-1CFA09', 'termination/up_down05', 'termination/CE-1CFA04', 'termination/CE-0CFA03', 'termination/CE-1CFA07', 'termination/McCarthy9103', 'termination/up_down02', 'array/a-mapi', 'array/a-append', 'array/a-init2', 'array/a-init1', 'array/a-map', 'list/simple', 'list/fold_right', 'list/list', 'list/sieve']
polka_ls (44):	 ['first/sum3', 'first/mc91_98', 'first/pldi082_unbounded1', 'first/seq-len', 'first/sum4', 'first/enc-zip', 'first/inductive6-3', 'first/enc-zip4', 'first/mc91_99', 'first/hanoi', 'first/mult_twice', 'first/mc91', 'first/file', 'first/enc-zip_map2', 'first/mult', 'first/sum6', 'first/odd_even', 'first/half', 'first/mc91_95', 'first/enc-zipmap', 'first/lock', 'high/max', 'high/flip_twice_2', 'high/a-max', 'high/neg1', 'high/enc-zip_unzip', 'high/mc91_cps', 'termination/CE-1CFA03', 'termination/CE-1CFA09', 'termination/up_down05', 'termination/CE-1CFA04', 'termination/CE-0CFA03', 'termination/CE-1CFA07', 'termination/McCarthy9103', 'termination/up_down02', 'array/a-mapi', 'array/a-append', 'array/a-init2', 'array/a-init1', 'array/a-map', 'list/simple', 'list/fold_right', 'list/list', 'list/sieve']
-----end-----
-----1-sensitive-----
oct (20):	 ['first/seq-len', 'first/sum4', 'first/enc-zip', 'first/inductive6-3', 'first/enc-zip4', 'first/hanoi', 'first/mult_twice', 'first/file', 'first/enc-zip_map2', 'first/sum6', 'first/odd_even', 'first/half', 'first/enc-zipmap', 'first/lock', 'high/flip_twice_2', 'high/mc91_cps', 'array/a-init2', 'array/a-init1', 'list/zipunzip', 'list/sieve']
polka_st (20):	 ['first/seq-len', 'first/sum4', 'first/enc-zip', 'first/inductive6-3', 'first/enc-zip4', 'first/hanoi', 'first/mult_twice', 'first/file', 'first/enc-zip_map2', 'first/sum6', 'first/odd_even', 'first/half', 'first/enc-zipmap', 'first/lock', 'high/flip_twice_2', 'high/mc91_cps', 'array/a-init2', 'array/a-init1', 'list/zipunzip', 'list/sieve']
polka_ls (20):	 ['first/seq-len', 'first/sum4', 'first/enc-zip', 'first/inductive6-3', 'first/enc-zip4', 'first/hanoi', 'first/mult_twice', 'first/file', 'first/enc-zip_map2', 'first/sum6', 'first/odd_even', 'first/half', 'first/enc-zipmap', 'first/lock', 'high/flip_twice_2', 'high/mc91_cps', 'array/a-init2', 'array/a-init1', 'list/zipunzip', 'list/sieve']
-----end-----
FO (73)	& succ	& 25	& 39	& 39	& 51	& 39	& 51	& 33	& 46	& 47	& 58	& 47	& 59	\\
loc: 11	& total	& 10.40	& 46.94	& 17.37	& 46.42(1)	& 15.82	& 42.88(1)	& 67.38	& 129.80	& 92.37	& 138.00(1)	& 87.27	& 138.33	\\
\hline
HO (62)	& succ	& 33	& 48(1)	& 42	& 55	& 42	& 55	& 42	& 51	& 48	& 60	& 48	& 60	\\
loc: 10	& total	& 8.53	& 49.97	& 14.97	& 60.67	& 14.03	& 54.71	& 83.56	& 282.57	& 119.10	& 345.03	& 112.05	& 316.18	\\
\hline
T (80)	& succ	& 72	& 72	& 72	& 72	& 72	& 72	& 79	& 79	& 78	& 79	& 78	& 79	\\
loc: 44	& total	& 806.24	& 842.70	& 952.53	& 994.52	& 882.21	& 924.00	& 1297.13(1)	& 1398.25(1)	& 1467.09(1)	& 1566.11(1)	& 1397.71(1)	& 1497.28(1)	\\
\hline
A (13)	& succ	& 6	& 6	& 8	& 8	& 8	& 8	& 8	& 8	& 11	& 11	& 11	& 11	\\
loc: 17	& total	& 4.30	& 23.43	& 7.66	& 25.04	& 7.19	& 23.38	& 17.99	& 41.66	& 28.07	& 47.77	& 26.84	& 45.94	\\
\hline
L (20)	& succ	& 8(2)	& 14	& 10	& 14	& 10	& 14	& 11	& 18	& 10	& 18	& 10	& 18	\\
loc: 16	& total	& 1.62	& 12.02	& 4.00	& 12.52	& 3.45	& 10.97	& 5.73	& 27.01	& 11.46	& 29.01	& 10.32	& 26.43	\\
\hline
E (17)	& succ	& 17	& 17	& 17	& 17	& 17	& 17	& 17	& 17	& 17	& 17	& 17	& 17	\\
loc: 21	& total	& 8.04	& 14.89	& 12.72	& 19.44	& 12.01	& 18.28	& 17.90	& 28.76	& 24.96	& 34.24	& 23.75	& 32.71	\\
\hline
